2024-10-29 16:30:55,173 - root - INFO - Importing data...
2024-10-29 16:30:55,188 - root - INFO - Data imported successfully.
2024-10-29 16:30:55,188 - root - INFO - Calculating churn...
2024-10-29 16:30:55,190 - root - INFO - Churn calculated successfully.
2024-10-29 16:30:55,190 - root - INFO - Performing EDA...
2024-10-29 16:30:55,735 - root - INFO - EDA completed successfully.
2024-10-29 16:30:55,735 - root - INFO - Encoding categorical columns...
2024-10-29 16:30:55,740 - root - INFO - Encoding completed successfully.
2024-10-29 16:30:55,740 - root - INFO - Performing feature engineering...
2024-10-29 16:30:55,744 - root - INFO - Feature engineering completed successfully.
2024-10-29 16:30:55,744 - root - INFO - Training models...
2024-10-29 16:34:09,787 - root - INFO - Models trained successfully.
2024-10-29 16:34:09,787 - root - INFO - Generating classification report...
2024-10-29 16:34:09,878 - root - INFO - Classification report generated successfully.
2024-10-29 16:34:09,878 - root - INFO - Generating feature importance plot...
2024-10-29 16:34:10,072 - root - INFO - Feature importance plot generated successfully.
2024-10-29 16:34:10,072 - root - INFO - Generating ROC plot...
2024-10-29 16:34:10,335 - root - INFO - ROC plot generated successfully.
2024-10-29 16:34:10,335 - root - INFO - Generating Random Forest explainer plot...
2024-10-29 16:38:05,671 - root - INFO - Random Forest explainer plot generated successfully.
2024-10-29 16:38:05,672 - root - INFO - Modeling pipeline finished successfully. It took: 7.174989100297292 minutes
