2024-10-28 08:49:03,035 - root - INFO - Importing data...
2024-10-28 08:49:03,053 - root - INFO - Data imported successfully.
2024-10-28 08:49:03,053 - root - INFO - Calculating churn...
2024-10-28 08:49:03,056 - root - INFO - Churn calculated successfully.
2024-10-28 08:49:03,056 - root - INFO - Performing EDA...
2024-10-28 08:49:04,683 - root - INFO - EDA completed successfully.
2024-10-28 08:49:04,683 - root - INFO - Encoding categorical columns...
2024-10-28 08:49:04,687 - root - INFO - Encoding completed successfully.
2024-10-28 08:49:04,710 - root - INFO - Performing feature engineering...
2024-10-28 08:49:04,715 - root - INFO - Feature engineering completed successfully.
2024-10-28 08:49:04,715 - root - INFO - Training models...
2024-10-28 08:50:41,621 - root - INFO - Models trained successfully.
2024-10-28 08:50:41,623 - root - INFO - Generating classification report...
2024-10-28 08:50:41,784 - root - INFO - Classification report generated successfully.
2024-10-28 08:50:41,784 - root - INFO - Generating feature importance plot...
2024-10-28 08:50:41,986 - root - INFO - Feature importance plot generated successfully.
2024-10-28 08:50:41,986 - root - INFO - Generating ROC plot...
2024-10-28 08:50:42,266 - root - INFO - ROC plot generated successfully.
2024-10-28 08:50:42,266 - root - INFO - Generating Random Forest explainer plot...
2024-10-28 08:52:30,330 - root - INFO - Random Forest explainer plot generated successfully.
2024-10-28 08:52:30,330 - root - INFO - Modeling pipeline finished successfully. It took: 3.4549279967943827 minutes
